<?xml version="1.0" encoding="UTF-8"?>
<testsuite name="Cucumber" time="0.15" tests="3" skipped="0" failures="0" errors="0">
<testcase classname="Hooks in cucumber" name="Add new customer" time="0.018">
<system-out><![CDATA[
Given user is on add customer page..........................................passed
When user fills the customer details........................................passed
Then customer is added......................................................passed
]]></system-out>
</testcase>
<testcase classname="Hooks in cucumber" name="Edit customer" time="0.002">
<system-out><![CDATA[
Given user is on edit customer page.........................................passed
When user edits contact details.............................................passed
Then contact details updated................................................passed
]]></system-out>
</testcase>
<testcase classname="Hooks in cucumber" name="Delete customer" time="0.001">
<system-out><![CDATA[
Given user is on delete customer page.......................................passed
When user delete customer...................................................passed
Then customer deleted.......................................................passed
]]></system-out>
</testcase>
</testsuite>
